C51 COMPILER V9.52.0.0   DELAY                                                             06/15/2021 23:47:20 PAGE 1   


C51 COMPILER V9.52.0.0, COMPILATION OF MODULE DELAY
OBJECT MODULE PLACED IN ..\Objects\Delay.obj
COMPILER INVOKED BY: E:\install_files\keil\C51\BIN\C51.EXE ..\User\System\Delay.c LARGE OPTIMIZE(8,SPEED) BROWSE INCDIR(
                    -..\User\System;..\User\Sensor;..\User\Rtc;..\User\Radio;..\User\Oled;..\User\Bluetooth;..\User) DEBUG OBJECTEXTEND PRINT
                    -(..\Listings\Delay.lst) TABS(2) OBJECT(..\Objects\Delay.obj)

line level    source

   1          #include "intrins.h"
   2          
   3          void Delay1ms(unsigned int t)    //824.000MHZ
   4          {
   5   1        unsigned char i,j;
   6   1        for(t; t > 0;t--)
   7   1        {
   8   2          _nop_();
   9   2          i = 32;
  10   2          j = 40;
  11   2          do
  12   2          {
  13   3            while(--j);
  14   3          } while(--i);
  15   2          
  16   2        }
  17   1      }
  18            
  19          


MODULE INFORMATION:   STATIC OVERLAYABLE
   CODE SIZE        =     26    ----
   CONSTANT SIZE    =   ----    ----
   XDATA SIZE       =   ----    ----
   PDATA SIZE       =   ----    ----
   DATA SIZE        =   ----    ----
   IDATA SIZE       =   ----    ----
   BIT SIZE         =   ----    ----
END OF MODULE INFORMATION.


C51 COMPILATION COMPLETE.  0 WARNING(S),  0 ERROR(S)
